Using pre-set license
Built from '2020.3/staging' branch; Version is '2020.3.0f1 (c7b5465681fb) revision 13088070'; Using compiler version '192528614'; Build Type 'Release'
OS: 'Windows 10 Pro; OS build 19041.1052; Version 2004; 64bit' Language: 'ko' Physical Memory: 16333 MB
BatchMode: 1, IsHumanControllingUs: 0, StartBugReporterOnCrash: 0, Is64bit: 1, IsPro: 0

 COMMAND LINE ARGUMENTS:
C:\2020.3.0f1\Editor\Unity.exe
-adb2
-batchMode
-noUpm
-name
AssetImportWorker0
-projectPath
C:/Users/AnJaeHo/Documents/GitHub/APicecOfLand
-logFile
Logs/AssetImportWorker0.log
-srvPort
4923
Successfully changed project path to: C:/Users/AnJaeHo/Documents/GitHub/APicecOfLand
C:/Users/AnJaeHo/Documents/GitHub/APicecOfLand
Using Asset Import Pipeline V2.
Refreshing native plugins compatible for Editor in 50.50 ms, found 1 plugins.
Preloading 0 native plugins for Editor in 0.00 ms.
Initialize engine version: 2020.3.0f1 (c7b5465681fb)
[Subsystems] Discovering subsystems at path C:/2020.3.0f1/Editor/Data/Resources/UnitySubsystems
[Subsystems] Discovering subsystems at path C:/Users/AnJaeHo/Documents/GitHub/APicecOfLand/Assets
GfxDevice: creating device client; threaded=0
Direct3D:
    Version:  Direct3D 11.0 [level 11.1]
    Renderer: NVIDIA GeForce GTX 1660 SUPER (ID=0x21c4)
    Vendor:   
    VRAM:     5991 MB
    Driver:   27.21.14.6677
Initialize mono
Mono path[0] = 'C:/2020.3.0f1/Editor/Data/Managed'
Mono path[1] = 'C:/2020.3.0f1/Editor/Data/MonoBleedingEdge/lib/mono/unityjit'
Mono config path = 'C:/2020.3.0f1/Editor/Data/MonoBleedingEdge/etc'
Using monoOptions --debugger-agent=transport=dt_socket,embedding=1,server=y,suspend=n,address=127.0.0.1:56924
Begin MonoManager ReloadAssembly
Registering precompiled unity dll's ...
Register platform support module: C:/2020.3.0f1/Editor/Data/PlaybackEngines/WindowsStandaloneSupport/UnityEditor.WindowsStandalone.Extensions.dll
Registered in 0.004385 seconds.
Native extension for WindowsStandalone target not found
Refreshing native plugins compatible for Editor in 40.53 ms, found 1 plugins.
Preloading 0 native plugins for Editor in 0.00 ms.
Invoked RoslynAnalysisRunner static constructor.
RoslynAnalysisRunner will not be running.
RoslynAnalysisRunner has terminated.
Mono: successfully reloaded assembly
- Completed reload, in  2.305 seconds
Platform modules already initialized, skipping
Registering precompiled user dll's ...
Registered in 0.002592 seconds.
Begin MonoManager ReloadAssembly
Native extension for WindowsStandalone target not found
Refreshing native plugins compatible for Editor in 43.16 ms, found 1 plugins.
Preloading 0 native plugins for Editor in 0.00 ms.
Invoked RoslynAnalysisRunner static constructor.
RoslynAnalysisRunner will not be running.
RoslynAnalysisRunner has terminated.
Mono: successfully reloaded assembly
- Completed reload, in  0.880 seconds
Platform modules already initialized, skipping
========================================================================
Worker process is ready to serve import requests
Launched and connected shader compiler UnityShaderCompiler.exe after 0.05 seconds
Refreshing native plugins compatible for Editor in 0.61 ms, found 1 plugins.
Preloading 0 native plugins for Editor in 0.00 ms.
Unloading 1772 Unused Serialized files (Serialized files now loaded: 0)
System memory in use before: 88.1 MB.
System memory in use after: 88.2 MB.

Unloading 20 unused Assets to reduce memory usage. Loaded Objects now: 2224.
Total: 2.713900 ms (FindLiveObjects: 0.436000 ms CreateObjectMapping: 0.069000 ms MarkObjects: 2.121200 ms  DeleteObjects: 0.086200 ms)

========================================================================
Received Import Request.
  path: Assets/Resources/Monster/Mon 22.prefab
  artifactKey: Guid(f99faf813306e9041b9eb9c337fcbc15) Importer(815301076,1909f56bfc062723c751e8b465ee728b)
Start importing Assets/Resources/Monster/Mon 22.prefab using Guid(f99faf813306e9041b9eb9c337fcbc15) Importer(815301076,1909f56bfc062723c751e8b465ee728b)  -> (artifact id: '1979e9507e32fd7d6d8efe89f1089706') in 0.119690 seconds
  Import took 0.123765 seconds .

========================================================================
Received Import Request.
  Time since last request: 0.000279 seconds.
  path: Assets/Resources/Monster/Mon 20.prefab
  artifactKey: Guid(7fdb26e477b15c24c8ec0734e9df9a75) Importer(815301076,1909f56bfc062723c751e8b465ee728b)
Start importing Assets/Resources/Monster/Mon 20.prefab using Guid(7fdb26e477b15c24c8ec0734e9df9a75) Importer(815301076,1909f56bfc062723c751e8b465ee728b)  -> (artifact id: '8dbfe2fc6c8fe31664ef9980282b0396') in 0.017505 seconds
  Import took 0.022597 seconds .

========================================================================
Received Import Request.
  Time since last request: 0.221401 seconds.
  path: Assets/Resources/Monster/Mon 11.prefab
  artifactKey: Guid(dc8ba1b2255c7144f8e65dd4c976eebe) Importer(815301076,1909f56bfc062723c751e8b465ee728b)
Start importing Assets/Resources/Monster/Mon 11.prefab using Guid(dc8ba1b2255c7144f8e65dd4c976eebe) Importer(815301076,1909f56bfc062723c751e8b465ee728b)  -> (artifact id: '7995e0c878f60d44c7b1788b1e483768') in 0.025928 seconds
  Import took 0.029493 seconds .

========================================================================
Received Import Request.
  Time since last request: 9.786723 seconds.
  path: Assets/Resources/Monster/Mon 10.prefab
  artifactKey: Guid(7fdb26e477b15c24c8ec0734e9df9a75) Importer(815301076,1909f56bfc062723c751e8b465ee728b)
Start importing Assets/Resources/Monster/Mon 10.prefab using Guid(7fdb26e477b15c24c8ec0734e9df9a75) Importer(815301076,1909f56bfc062723c751e8b465ee728b)  -> (artifact id: '352c57d2f1d8b89c331cd453e2340a95') in 0.026775 seconds
  Import took 0.031550 seconds .

========================================================================
Received Import Request.
  Time since last request: 0.839876 seconds.
  path: Assets/Resources/Monster/Mon 21.prefab
  artifactKey: Guid(f33e424708a34d44891c1d0b35016b5f) Importer(815301076,1909f56bfc062723c751e8b465ee728b)
Start importing Assets/Resources/Monster/Mon 21.prefab using Guid(f33e424708a34d44891c1d0b35016b5f) Importer(815301076,1909f56bfc062723c751e8b465ee728b)  -> (artifact id: '891b77ac14005522922a7dc2b59608e0') in 0.015130 seconds
  Import took 0.018688 seconds .

========================================================================
Received Import Request.
  Time since last request: 1.603988 seconds.
  path: Assets/Resources/Monster/Mon 11.prefab
  artifactKey: Guid(f33e424708a34d44891c1d0b35016b5f) Importer(815301076,1909f56bfc062723c751e8b465ee728b)
Start importing Assets/Resources/Monster/Mon 11.prefab using Guid(f33e424708a34d44891c1d0b35016b5f) Importer(815301076,1909f56bfc062723c751e8b465ee728b)  -> (artifact id: 'b27509269dd185b02e053508ee5c587c') in 0.025131 seconds
  Import took 0.030789 seconds .

========================================================================
Received Import Request.
  Time since last request: 2.703601 seconds.
  path: Assets/Resources/Monster/Mon 12.prefab
  artifactKey: Guid(f99faf813306e9041b9eb9c337fcbc15) Importer(815301076,1909f56bfc062723c751e8b465ee728b)
Start importing Assets/Resources/Monster/Mon 12.prefab using Guid(f99faf813306e9041b9eb9c337fcbc15) Importer(815301076,1909f56bfc062723c751e8b465ee728b)  -> (artifact id: '16bde548b8d4614ef83253f6091d9bbb') in 0.023659 seconds
  Import took 0.028970 seconds .

========================================================================
Received Import Request.
  Time since last request: 23.789607 seconds.
  path: Assets/Resources/Monster/Mon 10.prefab
  artifactKey: Guid(7fdb26e477b15c24c8ec0734e9df9a75) Importer(815301076,1909f56bfc062723c751e8b465ee728b)
Start importing Assets/Resources/Monster/Mon 10.prefab using Guid(7fdb26e477b15c24c8ec0734e9df9a75) Importer(815301076,1909f56bfc062723c751e8b465ee728b)  -> (artifact id: 'fc53cd448d337daf9b3345dc3c97b478') in 0.014930 seconds
  Import took 0.018768 seconds .

========================================================================
Received Import Request.
  Time since last request: 0.001205 seconds.
  path: Assets/Resources/Monster/Mon 10.prefab
  artifactKey: Guid(7fdb26e477b15c24c8ec0734e9df9a75) Importer(815301076,1909f56bfc062723c751e8b465ee728b)
Start importing Assets/Resources/Monster/Mon 10.prefab using Guid(7fdb26e477b15c24c8ec0734e9df9a75) Importer(815301076,1909f56bfc062723c751e8b465ee728b)  -> (artifact id: 'fc53cd448d337daf9b3345dc3c97b478') in 0.014587 seconds
  Import took 0.017610 seconds .

========================================================================
Received Import Request.
  Time since last request: 29.602807 seconds.
  path: Assets/Resources/Monster/Mon 11.prefab
  artifactKey: Guid(f33e424708a34d44891c1d0b35016b5f) Importer(815301076,1909f56bfc062723c751e8b465ee728b)
Start importing Assets/Resources/Monster/Mon 11.prefab using Guid(f33e424708a34d44891c1d0b35016b5f) Importer(815301076,1909f56bfc062723c751e8b465ee728b)  -> (artifact id: '556e7ce83aad6d035e3e00c29e491f28') in 0.016602 seconds
  Import took 0.020033 seconds .

========================================================================
Received Import Request.
  Time since last request: 28.635869 seconds.
  path: Assets/Resources/Monster/Mon 11.prefab
  artifactKey: Guid(f33e424708a34d44891c1d0b35016b5f) Importer(815301076,1909f56bfc062723c751e8b465ee728b)
Start importing Assets/Resources/Monster/Mon 11.prefab using Guid(f33e424708a34d44891c1d0b35016b5f) Importer(815301076,1909f56bfc062723c751e8b465ee728b)  -> (artifact id: '4a59256d4787ea1e974dc3b32f39e1cf') in 0.014683 seconds
  Import took 0.032540 seconds .

========================================================================
Received Import Request.
  Time since last request: 13.549527 seconds.
  path: Assets/Resources/Monster/123123.png
  artifactKey: Guid(12b4a490165e5d246a728b661e07682a) Importer(815301076,1909f56bfc062723c751e8b465ee728b)
Start importing Assets/Resources/Monster/123123.png using Guid(12b4a490165e5d246a728b661e07682a) Importer(815301076,1909f56bfc062723c751e8b465ee728b)  -> (artifact id: '9344570c47087c2a667639090f07b53c') in 0.083276 seconds
  Import took 0.086600 seconds .

========================================================================
Received Import Request.
  Time since last request: 5.648042 seconds.
  path: Assets/Resources/Monster/Mon 11.png
  artifactKey: Guid(9cd643262532369448b19c595f575971) Importer(815301076,1909f56bfc062723c751e8b465ee728b)
Start importing Assets/Resources/Monster/Mon 11.png using Guid(9cd643262532369448b19c595f575971) Importer(815301076,1909f56bfc062723c751e8b465ee728b)  -> (artifact id: '8ab555fc05100cddda8dc3f0f09adca6') in 0.013697 seconds
  Import took 0.017385 seconds .

========================================================================
Received Import Request.
  Time since last request: 0.002913 seconds.
  path: Assets/Resources/Monster/Mon 11.png
  artifactKey: Guid(9cd643262532369448b19c595f575971) Importer(815301076,1909f56bfc062723c751e8b465ee728b)
Start importing Assets/Resources/Monster/Mon 11.png using Guid(9cd643262532369448b19c595f575971) Importer(815301076,1909f56bfc062723c751e8b465ee728b)  -> (artifact id: '8ab555fc05100cddda8dc3f0f09adca6') in 0.014704 seconds
  Import took 0.018240 seconds .

========================================================================
Received Import Request.
  Time since last request: 26.948772 seconds.
  path: Assets/Resources/Monster/Mon 12.prefab
  artifactKey: Guid(f99faf813306e9041b9eb9c337fcbc15) Importer(815301076,1909f56bfc062723c751e8b465ee728b)
Start importing Assets/Resources/Monster/Mon 12.prefab using Guid(f99faf813306e9041b9eb9c337fcbc15) Importer(815301076,1909f56bfc062723c751e8b465ee728b)  -> (artifact id: 'bef598bd874c418301fe32943a08eb89') in 0.029421 seconds
  Import took 0.033151 seconds .

========================================================================
Received Prepare
Registering precompiled user dll's ...
Registered in 0.003155 seconds.
Begin MonoManager ReloadAssembly
Native extension for WindowsStandalone target not found
Refreshing native plugins compatible for Editor in 0.55 ms, found 1 plugins.
Preloading 0 native plugins for Editor in 0.00 ms.
Invoked RoslynAnalysisRunner static constructor.
RoslynAnalysisRunner will not be running.
RoslynAnalysisRunner has terminated.
Mono: successfully reloaded assembly
- Completed reload, in  0.808 seconds
Platform modules already initialized, skipping
Refreshing native plugins compatible for Editor in 0.56 ms, found 1 plugins.
Preloading 0 native plugins for Editor in 0.00 ms.
Unloading 1751 Unused Serialized files (Serialized files now loaded: 0)
System memory in use before: 90.1 MB.
System memory in use after: 90.2 MB.

Unloading 9 unused Assets to reduce memory usage. Loaded Objects now: 2237.
Total: 1.753200 ms (FindLiveObjects: 0.211200 ms CreateObjectMapping: 0.041300 ms MarkObjects: 1.486600 ms  DeleteObjects: 0.013200 ms)

========================================================================
Received Import Request.
  Time since last request: 56.268132 seconds.
  path: Assets/Prefabs/Monster/SchneeCrab1.prefab
  artifactKey: Guid(91d59d403d26202468f9b2364e74c8fd) Importer(815301076,1909f56bfc062723c751e8b465ee728b)
Start importing Assets/Prefabs/Monster/SchneeCrab1.prefab using Guid(91d59d403d26202468f9b2364e74c8fd) Importer(815301076,1909f56bfc062723c751e8b465ee728b)  -> (artifact id: '3225fd91ef970c910366c6bd6783d404') in 0.058233 seconds
  Import took 0.062132 seconds .

========================================================================
Received Import Request.
  Time since last request: 1.100849 seconds.
  path: Assets/Prefabs/Monster/SchneeCrab1.prefab
  artifactKey: Guid(91d59d403d26202468f9b2364e74c8fd) Importer(815301076,1909f56bfc062723c751e8b465ee728b)
Start importing Assets/Prefabs/Monster/SchneeCrab1.prefab using Guid(91d59d403d26202468f9b2364e74c8fd) Importer(815301076,1909f56bfc062723c751e8b465ee728b)  -> (artifact id: '9c88c6de52e136109e005a3b353fdb84') in 0.029158 seconds
  Import took 0.033559 seconds .

========================================================================
Received Import Request.
  Time since last request: 0.772425 seconds.
  path: Assets/Prefabs/Monster/SchneeCrab3.prefab
  artifactKey: Guid(5d26d6c7cba372645b36771c7e94f956) Importer(815301076,1909f56bfc062723c751e8b465ee728b)
Start importing Assets/Prefabs/Monster/SchneeCrab3.prefab using Guid(5d26d6c7cba372645b36771c7e94f956) Importer(815301076,1909f56bfc062723c751e8b465ee728b)  -> (artifact id: '4518c578c27551e3b639a55a5e934480') in 0.017806 seconds
  Import took 0.021505 seconds .

========================================================================
Received Import Request.
  Time since last request: 2.243001 seconds.
  path: Assets/Resources/Monster/Mon 11.prefab
  artifactKey: Guid(f33e424708a34d44891c1d0b35016b5f) Importer(815301076,1909f56bfc062723c751e8b465ee728b)
Start importing Assets/Resources/Monster/Mon 11.prefab using Guid(f33e424708a34d44891c1d0b35016b5f) Importer(815301076,1909f56bfc062723c751e8b465ee728b)  -> (artifact id: 'b2067c09298560d80b4abdc464d7d576') in 0.016914 seconds
  Import took 0.020417 seconds .

========================================================================
Received Import Request.
  Time since last request: 1.009775 seconds.
  path: Assets/Resources/Monster/Mon 10.prefab
  artifactKey: Guid(7fdb26e477b15c24c8ec0734e9df9a75) Importer(815301076,1909f56bfc062723c751e8b465ee728b)
Start importing Assets/Resources/Monster/Mon 10.prefab using Guid(7fdb26e477b15c24c8ec0734e9df9a75) Importer(815301076,1909f56bfc062723c751e8b465ee728b)  -> (artifact id: '282a569e7c490be85eeb71d8d6c20642') in 0.029233 seconds
  Import took 0.032949 seconds .

========================================================================
Received Prepare
Registering precompiled user dll's ...
Registered in 0.002796 seconds.
Begin MonoManager ReloadAssembly
Native extension for WindowsStandalone target not found
Refreshing native plugins compatible for Editor in 0.64 ms, found 1 plugins.
Preloading 0 native plugins for Editor in 0.00 ms.
Invoked RoslynAnalysisRunner static constructor.
RoslynAnalysisRunner will not be running.
RoslynAnalysisRunner has terminated.
Mono: successfully reloaded assembly
- Completed reload, in  0.950 seconds
Platform modules already initialized, skipping
Refreshing native plugins compatible for Editor in 0.66 ms, found 1 plugins.
Preloading 0 native plugins for Editor in 0.00 ms.
Unloading 1751 Unused Serialized files (Serialized files now loaded: 0)
System memory in use before: 90.1 MB.
System memory in use after: 90.2 MB.

Unloading 9 unused Assets to reduce memory usage. Loaded Objects now: 2241.
Total: 2.084300 ms (FindLiveObjects: 0.336000 ms CreateObjectMapping: 0.092500 ms MarkObjects: 1.638500 ms  DeleteObjects: 0.016400 ms)

========================================================================
Received Prepare
Registering precompiled user dll's ...
Registered in 0.002811 seconds.
Begin MonoManager ReloadAssembly
Native extension for WindowsStandalone target not found
Refreshing native plugins compatible for Editor in 0.66 ms, found 1 plugins.
Preloading 0 native plugins for Editor in 0.00 ms.
Invoked RoslynAnalysisRunner static constructor.
RoslynAnalysisRunner will not be running.
RoslynAnalysisRunner has terminated.
Mono: successfully reloaded assembly
- Completed reload, in  0.868 seconds
Platform modules already initialized, skipping
Refreshing native plugins compatible for Editor in 0.68 ms, found 1 plugins.
Preloading 0 native plugins for Editor in 0.00 ms.
Unloading 1751 Unused Serialized files (Serialized files now loaded: 0)
System memory in use before: 90.2 MB.
System memory in use after: 90.3 MB.

Unloading 9 unused Assets to reduce memory usage. Loaded Objects now: 2244.
Total: 2.090800 ms (FindLiveObjects: 0.345300 ms CreateObjectMapping: 0.128900 ms MarkObjects: 1.597300 ms  DeleteObjects: 0.017800 ms)

========================================================================
Received Import Request.
  Time since last request: 171.064838 seconds.
  path: Assets/Animation/Enemy/Mouse1.controller
  artifactKey: Guid(f64642fa47b735147b5a37bb253dcb3a) Importer(815301076,1909f56bfc062723c751e8b465ee728b)
Start importing Assets/Animation/Enemy/Mouse1.controller using Guid(f64642fa47b735147b5a37bb253dcb3a) Importer(815301076,1909f56bfc062723c751e8b465ee728b)  -> (artifact id: 'bd54c49fa5bb827e2bfe0de580a14b6b') in 0.020106 seconds
  Import took 0.023479 seconds .

========================================================================
Received Import Request.
  Time since last request: 57.757291 seconds.
  path: Assets/Animation/Enemy/Mouse2.controller
  artifactKey: Guid(2b714d1d139b87c4db810449cd2130bb) Importer(815301076,1909f56bfc062723c751e8b465ee728b)
Start importing Assets/Animation/Enemy/Mouse2.controller using Guid(2b714d1d139b87c4db810449cd2130bb) Importer(815301076,1909f56bfc062723c751e8b465ee728b)  -> (artifact id: '8116bc704ef6bfe53100592f06ef3e40') in 0.010395 seconds
  Import took 0.013601 seconds .

========================================================================
Received Import Request.
  Time since last request: 103.353752 seconds.
  path: Assets/Animation/Enemy/Mouse3.controller
  artifactKey: Guid(c74c1d6208e2b664fa47d1fbedb535fc) Importer(815301076,1909f56bfc062723c751e8b465ee728b)
Start importing Assets/Animation/Enemy/Mouse3.controller using Guid(c74c1d6208e2b664fa47d1fbedb535fc) Importer(815301076,1909f56bfc062723c751e8b465ee728b)  -> (artifact id: 'f38ea62ab2a00500538e904757b48e14') in 0.008843 seconds
  Import took 0.012115 seconds .

========================================================================
Received Import Request.
  Time since last request: 235.565442 seconds.
  path: Assets/Animation/Enemy/Boss.controller
  artifactKey: Guid(936b68c86b9ab1f4dbdd53d4d011b161) Importer(815301076,1909f56bfc062723c751e8b465ee728b)
Start importing Assets/Animation/Enemy/Boss.controller using Guid(936b68c86b9ab1f4dbdd53d4d011b161) Importer(815301076,1909f56bfc062723c751e8b465ee728b)  -> (artifact id: '050851a1221a79a05dffbb3c5ed6959a') in 0.009453 seconds
  Import took 0.012772 seconds .

========================================================================
Received Import Request.
  Time since last request: 39.700337 seconds.
  path: Assets/Animation/Enemy/MouseTank.controller
  artifactKey: Guid(1ac11871a2a62c24e846c46b6a8b050b) Importer(815301076,1909f56bfc062723c751e8b465ee728b)
Start importing Assets/Animation/Enemy/MouseTank.controller using Guid(1ac11871a2a62c24e846c46b6a8b050b) Importer(815301076,1909f56bfc062723c751e8b465ee728b)  -> (artifact id: '1bddc457c2ae41cb32f7f5f79d4cb82a') in 0.009123 seconds
  Import took 0.012430 seconds .

========================================================================
Received Prepare
Registering precompiled user dll's ...
Registered in 0.003652 seconds.
Begin MonoManager ReloadAssembly
Native extension for WindowsStandalone target not found
Refreshing native plugins compatible for Editor in 0.55 ms, found 1 plugins.
Preloading 0 native plugins for Editor in 0.00 ms.
Invoked RoslynAnalysisRunner static constructor.
RoslynAnalysisRunner will not be running.
RoslynAnalysisRunner has terminated.
Mono: successfully reloaded assembly
- Completed reload, in  0.787 seconds
Platform modules already initialized, skipping
Refreshing native plugins compatible for Editor in 0.54 ms, found 1 plugins.
Preloading 0 native plugins for Editor in 0.00 ms.
Unloading 1751 Unused Serialized files (Serialized files now loaded: 0)
System memory in use before: 90.2 MB.
System memory in use after: 90.3 MB.

Unloading 9 unused Assets to reduce memory usage. Loaded Objects now: 2247.
Total: 2.163300 ms (FindLiveObjects: 0.324700 ms CreateObjectMapping: 0.066100 ms MarkObjects: 1.755100 ms  DeleteObjects: 0.015600 ms)

========================================================================
Received Prepare
Registering precompiled user dll's ...
Registered in 0.002809 seconds.
Begin MonoManager ReloadAssembly
Native extension for WindowsStandalone target not found
Refreshing native plugins compatible for Editor in 0.55 ms, found 1 plugins.
Preloading 0 native plugins for Editor in 0.00 ms.
Invoked RoslynAnalysisRunner static constructor.
RoslynAnalysisRunner will not be running.
RoslynAnalysisRunner has terminated.
Mono: successfully reloaded assembly
- Completed reload, in  0.811 seconds
Platform modules already initialized, skipping
Refreshing native plugins compatible for Editor in 0.63 ms, found 1 plugins.
Preloading 0 native plugins for Editor in 0.00 ms.
Unloading 1751 Unused Serialized files (Serialized files now loaded: 0)
System memory in use before: 90.2 MB.
System memory in use after: 90.3 MB.

Unloading 9 unused Assets to reduce memory usage. Loaded Objects now: 2250.
Total: 2.055700 ms (FindLiveObjects: 0.259800 ms CreateObjectMapping: 0.059900 ms MarkObjects: 1.715400 ms  DeleteObjects: 0.019500 ms)

========================================================================
Received Prepare
Registering precompiled user dll's ...
Registered in 0.002816 seconds.
Begin MonoManager ReloadAssembly
Native extension for WindowsStandalone target not found
Refreshing native plugins compatible for Editor in 0.55 ms, found 1 plugins.
Preloading 0 native plugins for Editor in 0.00 ms.
Invoked RoslynAnalysisRunner static constructor.
RoslynAnalysisRunner will not be running.
RoslynAnalysisRunner has terminated.
Mono: successfully reloaded assembly
- Completed reload, in  0.796 seconds
Platform modules already initialized, skipping
Refreshing native plugins compatible for Editor in 0.55 ms, found 1 plugins.
Preloading 0 native plugins for Editor in 0.00 ms.
Unloading 1751 Unused Serialized files (Serialized files now loaded: 0)
System memory in use before: 90.2 MB.
System memory in use after: 90.3 MB.

Unloading 9 unused Assets to reduce memory usage. Loaded Objects now: 2253.
Total: 1.855400 ms (FindLiveObjects: 0.208600 ms CreateObjectMapping: 0.043400 ms MarkObjects: 1.589600 ms  DeleteObjects: 0.012800 ms)

========================================================================
Received Prepare
Registering precompiled user dll's ...
Registered in 0.002769 seconds.
Begin MonoManager ReloadAssembly
Native extension for WindowsStandalone target not found
Refreshing native plugins compatible for Editor in 0.55 ms, found 1 plugins.
Preloading 0 native plugins for Editor in 0.00 ms.
Invoked RoslynAnalysisRunner static constructor.
RoslynAnalysisRunner will not be running.
RoslynAnalysisRunner has terminated.
Mono: successfully reloaded assembly
- Completed reload, in  0.784 seconds
Platform modules already initialized, skipping
Refreshing native plugins compatible for Editor in 0.57 ms, found 1 plugins.
Preloading 0 native plugins for Editor in 0.00 ms.
Unloading 1751 Unused Serialized files (Serialized files now loaded: 0)
System memory in use before: 90.2 MB.
System memory in use after: 90.3 MB.

Unloading 9 unused Assets to reduce memory usage. Loaded Objects now: 2256.
Total: 2.142100 ms (FindLiveObjects: 0.270500 ms CreateObjectMapping: 0.152100 ms MarkObjects: 1.701500 ms  DeleteObjects: 0.016700 ms)

========================================================================
Received Import Request.
  Time since last request: 917.715242 seconds.
  path: Assets/Animation/Monster/BirdCookie2.controller
  artifactKey: Guid(62b059d36273ca34283d95f98c5eda43) Importer(815301076,1909f56bfc062723c751e8b465ee728b)
Start importing Assets/Animation/Monster/BirdCookie2.controller using Guid(62b059d36273ca34283d95f98c5eda43) Importer(815301076,1909f56bfc062723c751e8b465ee728b)  -> (artifact id: '63527ce651a6770531039bc26190bd31') in 0.029722 seconds
  Import took 0.033249 seconds .

========================================================================
Received Prepare
Registering precompiled user dll's ...
Registered in 0.002897 seconds.
Begin MonoManager ReloadAssembly
Native extension for WindowsStandalone target not found
Refreshing native plugins compatible for Editor in 0.57 ms, found 1 plugins.
Preloading 0 native plugins for Editor in 0.00 ms.
Invoked RoslynAnalysisRunner static constructor.
RoslynAnalysisRunner will not be running.
RoslynAnalysisRunner has terminated.
Mono: successfully reloaded assembly
- Completed reload, in  0.777 seconds
Platform modules already initialized, skipping
Refreshing native plugins compatible for Editor in 0.65 ms, found 1 plugins.
Preloading 0 native plugins for Editor in 0.00 ms.
Unloading 1751 Unused Serialized files (Serialized files now loaded: 0)
System memory in use before: 90.2 MB.
System memory in use after: 90.3 MB.

Unloading 9 unused Assets to reduce memory usage. Loaded Objects now: 2259.
Total: 1.946100 ms (FindLiveObjects: 0.219600 ms CreateObjectMapping: 0.045500 ms MarkObjects: 1.667400 ms  DeleteObjects: 0.012600 ms)

========================================================================
Received Import Request.
  Time since last request: 209.378662 seconds.
  path: Assets/Animation/Monster/CandleMuffin2.controller
  artifactKey: Guid(390a2917041ad8f4481e523be3b5d2dd) Importer(815301076,1909f56bfc062723c751e8b465ee728b)
Start importing Assets/Animation/Monster/CandleMuffin2.controller using Guid(390a2917041ad8f4481e523be3b5d2dd) Importer(815301076,1909f56bfc062723c751e8b465ee728b)  -> (artifact id: 'fdec9be1cf61e5a8052f943d772e19b3') in 0.015290 seconds
  Import took 0.018548 seconds .

========================================================================
Received Import Request.
  Time since last request: 11.390412 seconds.
  path: Assets/Animation/Monster/CandleMuffin3.controller
  artifactKey: Guid(2366e6b6eda5ca04c9e14d062d2a051e) Importer(815301076,1909f56bfc062723c751e8b465ee728b)
Start importing Assets/Animation/Monster/CandleMuffin3.controller using Guid(2366e6b6eda5ca04c9e14d062d2a051e) Importer(815301076,1909f56bfc062723c751e8b465ee728b)  -> (artifact id: '19e844df5fbdd577894f79aa99da2397') in 0.008092 seconds
  Import took 0.011235 seconds .

========================================================================
Received Import Request.
  Time since last request: 14.914823 seconds.
  path: Assets/Animation/Monster/Cookie1.controller
  artifactKey: Guid(f957b769b4b4f3840bfc98a5ec54380b) Importer(815301076,1909f56bfc062723c751e8b465ee728b)
Start importing Assets/Animation/Monster/Cookie1.controller using Guid(f957b769b4b4f3840bfc98a5ec54380b) Importer(815301076,1909f56bfc062723c751e8b465ee728b)  -> (artifact id: '6a365b2cbbb1f098083bf84f9a6ce3cb') in 0.006089 seconds
  Import took 0.009320 seconds .

========================================================================
Received Import Request.
  Time since last request: 35.766679 seconds.
  path: Assets/Animation/Monster/Cookie3.controller
  artifactKey: Guid(d87ac71c761171c4d8977ea94af9fe0d) Importer(815301076,1909f56bfc062723c751e8b465ee728b)
Start importing Assets/Animation/Monster/Cookie3.controller using Guid(d87ac71c761171c4d8977ea94af9fe0d) Importer(815301076,1909f56bfc062723c751e8b465ee728b)  -> (artifact id: '193352620f61be6a62c0cdf5ccd349b3') in 0.007850 seconds
  Import took 0.011039 seconds .

========================================================================
Received Import Request.
  Time since last request: 42.950844 seconds.
  path: Assets/Animation/Monster/DohnutOctopus3.controller
  artifactKey: Guid(4e8c648a7a9bba54898fa325c9dfb05e) Importer(815301076,1909f56bfc062723c751e8b465ee728b)
Start importing Assets/Animation/Monster/DohnutOctopus3.controller using Guid(4e8c648a7a9bba54898fa325c9dfb05e) Importer(815301076,1909f56bfc062723c751e8b465ee728b)  -> (artifact id: '6e583a906665454c33272da025ee5aa2') in 0.008014 seconds
  Import took 0.011263 seconds .

========================================================================
Received Import Request.
  Time since last request: 26.811766 seconds.
  path: Assets/Animation/Monster/SchneeCrab1.controller
  artifactKey: Guid(2d752400304e09842bfe7d4e11d71829) Importer(815301076,1909f56bfc062723c751e8b465ee728b)
Start importing Assets/Animation/Monster/SchneeCrab1.controller using Guid(2d752400304e09842bfe7d4e11d71829) Importer(815301076,1909f56bfc062723c751e8b465ee728b)  -> (artifact id: 'dc80d41ac4532191449ff9ba9ff273a2') in 0.006220 seconds
  Import took 0.023503 seconds .

========================================================================
Received Import Request.
  Time since last request: 8.518532 seconds.
  path: Assets/Prefabs/Monster/SchneeCrab2.prefab
  artifactKey: Guid(f5314a8622f9061468c1f68a9666e5e1) Importer(815301076,1909f56bfc062723c751e8b465ee728b)
Start importing Assets/Prefabs/Monster/SchneeCrab2.prefab using Guid(f5314a8622f9061468c1f68a9666e5e1) Importer(815301076,1909f56bfc062723c751e8b465ee728b)  -> (artifact id: '91bbdd593ea2dec4e4108f296b0f4785') in 0.043493 seconds
  Import took 0.046945 seconds .

========================================================================
Received Import Request.
  Time since last request: 16.515041 seconds.
  path: Assets/Animation/Monster/SchneeCrab3.controller
  artifactKey: Guid(2dea568eeedc6c249944ca5533ef815c) Importer(815301076,1909f56bfc062723c751e8b465ee728b)
Start importing Assets/Animation/Monster/SchneeCrab3.controller using Guid(2dea568eeedc6c249944ca5533ef815c) Importer(815301076,1909f56bfc062723c751e8b465ee728b)  -> (artifact id: '6ff08260b544adec9ea5a85c391d23f2') in 0.005844 seconds
  Import took 0.009009 seconds .

========================================================================
Received Import Request.
  Time since last request: 14.894217 seconds.
  path: Assets/Animation/Monster/SpiderCake1.controller
  artifactKey: Guid(ad0e73261163c814d8417c626e3120e5) Importer(815301076,1909f56bfc062723c751e8b465ee728b)
Start importing Assets/Animation/Monster/SpiderCake1.controller using Guid(ad0e73261163c814d8417c626e3120e5) Importer(815301076,1909f56bfc062723c751e8b465ee728b)  -> (artifact id: '35a917a18660221908f7a7d6e27f18eb') in 0.006483 seconds
  Import took 0.009816 seconds .

========================================================================
Received Import Request.
  Time since last request: 16.184818 seconds.
  path: Assets/Animation/Monster/SpiderCake2.controller
  artifactKey: Guid(13d665b0c1e38834daa0d2417a6b3288) Importer(815301076,1909f56bfc062723c751e8b465ee728b)
Start importing Assets/Animation/Monster/SpiderCake2.controller using Guid(13d665b0c1e38834daa0d2417a6b3288) Importer(815301076,1909f56bfc062723c751e8b465ee728b)  -> (artifact id: '9af16d2831d9e3de426840aeda136763') in 0.006865 seconds
  Import took 0.010051 seconds .

========================================================================
Received Import Request.
  Time since last request: 15.859518 seconds.
  path: Assets/Animation/Monster/SpiderCake3.controller
  artifactKey: Guid(7b317ca8438bccb439c3635842821e53) Importer(815301076,1909f56bfc062723c751e8b465ee728b)
Start importing Assets/Animation/Monster/SpiderCake3.controller using Guid(7b317ca8438bccb439c3635842821e53) Importer(815301076,1909f56bfc062723c751e8b465ee728b)  -> (artifact id: '279db72014cff5a917d1316cde5a02d5') in 0.006783 seconds
  Import took 0.009982 seconds .

========================================================================
Received Prepare
Registering precompiled user dll's ...
Registered in 0.002520 seconds.
Begin MonoManager ReloadAssembly
Native extension for WindowsStandalone target not found
Refreshing native plugins compatible for Editor in 0.60 ms, found 1 plugins.
Preloading 0 native plugins for Editor in 0.00 ms.
Invoked RoslynAnalysisRunner static constructor.
RoslynAnalysisRunner will not be running.
RoslynAnalysisRunner has terminated.
Mono: successfully reloaded assembly
- Completed reload, in  0.799 seconds
Platform modules already initialized, skipping
Refreshing native plugins compatible for Editor in 0.59 ms, found 1 plugins.
Preloading 0 native plugins for Editor in 0.00 ms.
Unloading 1751 Unused Serialized files (Serialized files now loaded: 0)
System memory in use before: 90.2 MB.
System memory in use after: 90.4 MB.

Unloading 9 unused Assets to reduce memory usage. Loaded Objects now: 2263.
Total: 1.948800 ms (FindLiveObjects: 0.217400 ms CreateObjectMapping: 0.046700 ms MarkObjects: 1.668700 ms  DeleteObjects: 0.015100 ms)

AssetImportWorkerClient::OnTransportError - code=2 error=End of file
